<?xml version="1.0" encoding="UTF-8"?>
<!-- Generated by org.testng.reporters.JUnitReportReporter -->
<testsuite hostname="Shrikant" failures="0" tests="3" name="TestNGpractice.BAclass" time="0.028" errors="0" timestamp="2023-07-02T13:28:40 IST" skipped="0">
  <testcase classname="TestNGpractice.BAclass" name="m3" time="0.005"/>
  <system-out/>
  <testcase classname="TestNGpractice.BAclass" name="m2" time="0.005"/>
  <system-out/>
  <testcase classname="TestNGpractice.BAclass" name="m1" time="0.018"/>
  <system-out/>
</testsuite> <!-- TestNGpractice.BAclass -->
