<?xml version="1.0" encoding="UTF-8"?>
<!-- Generated by org.testng.reporters.JUnitReportReporter -->
<testsuite hostname="Shrikant" failures="0" tests="4" name="TestNGpractice.demo2" time="0.049" errors="0" timestamp="2023-07-02T12:40:16 IST" skipped="0">
  <testcase classname="TestNGpractice.demo2" name="home" time="0.017"/>
  <system-out/>
  <testcase classname="TestNGpractice.demo2" name="login" time="0.003"/>
  <system-out/>
  <testcase classname="TestNGpractice.demo2" name="searchproduct" time="0.014"/>
  <system-out/>
  <testcase classname="TestNGpractice.demo2" name="addToCart" time="0.015"/>
  <system-out/>
</testsuite> <!-- TestNGpractice.demo2 -->
