<?xml version="1.0" encoding="UTF-8"?>
<!-- Generated by org.testng.reporters.JUnitReportReporter -->
<testsuite hostname="Shrikant" failures="0" tests="3" name="TestNGpractice.BAmethod" time="0.093" errors="0" timestamp="2023-07-02T13:19:05 IST" skipped="0">
  <testcase classname="TestNGpractice.BAmethod" name="m1" time="0.043"/>
  <system-out/>
  <testcase classname="TestNGpractice.BAmethod" name="m3" time="0.024"/>
  <system-out/>
  <testcase classname="TestNGpractice.BAmethod" name="m2" time="0.026"/>
  <system-out/>
</testsuite> <!-- TestNGpractice.BAmethod -->
