<?xml version="1.0" encoding="UTF-8"?>
<!-- Generated by org.testng.reporters.JUnitReportReporter -->
<testsuite hostname="Shrikant" failures="0" tests="5" name="TestNGpractice.demo3" time="0.030" errors="0" timestamp="2023-07-02T12:45:36 IST" skipped="0">
  <testcase classname="TestNGpractice.demo3" name="gmail" time="0.015"/>
  <system-out/>
  <testcase classname="TestNGpractice.demo3" name="wikipedia" time="0.003"/>
  <system-out/>
  <testcase classname="TestNGpractice.demo3" name="redbus" time="0.004"/>
  <system-out/>
  <testcase classname="TestNGpractice.demo3" name="facebook" time="0.005"/>
  <system-out/>
  <testcase classname="TestNGpractice.demo3" name="google" time="0.003"/>
  <system-out/>
</testsuite> <!-- TestNGpractice.demo3 -->
