<?xml version="1.0" encoding="UTF-8"?>
<!-- Generated by org.testng.reporters.JUnitReportReporter -->
<testsuite hostname="Shrikant" failures="0" tests="3" name="TestNGpractice.demo5" time="0.060" errors="0" timestamp="2023-07-02T13:06:58 IST" skipped="0">
  <testcase classname="TestNGpractice.demo5" name="homepage" time="0.005"/>
  <system-out/>
  <testcase classname="TestNGpractice.demo5" name="login" time="0.007"/>
  <system-out/>
  <testcase classname="TestNGpractice.demo5" name="registerpage" time="0.048"/>
  <system-out/>
</testsuite> <!-- TestNGpractice.demo5 -->
