<?xml version="1.0" encoding="UTF-8"?>
<!-- Generated by org.testng.reporters.JUnitReportReporter -->
<testsuite hostname="Shrikant" failures="0" tests="1" name="TestNGpractice.demo1" time="9.317" errors="0" timestamp="2023-07-02T12:38:07 IST" skipped="0">
  <testcase classname="TestNGpractice.demo1" name="abc" time="9.317"/>
  <system-out/>
</testsuite> <!-- TestNGpractice.demo1 -->
