<?xml version="1.0" encoding="UTF-8"?>
<!-- Generated by org.testng.reporters.JUnitReportReporter -->
<testsuite hostname="Shrikant" failures="0" tests="3" name="TestNGpractice.demo6" time="0.065" errors="0" timestamp="2023-07-02T13:24:30 IST" skipped="0">
  <testcase classname="TestNGpractice.demo6" name="home" time="0.024"/>
  <system-out/>
  <testcase classname="TestNGpractice.demo6" name="login" time="0.028"/>
  <system-out/>
  <testcase classname="TestNGpractice.demo6" name="pim" time="0.013"/>
  <system-out/>
</testsuite> <!-- TestNGpractice.demo6 -->
