<?xml version="1.0" encoding="UTF-8"?>
<!-- Generated by org.testng.reporters.JUnitReportReporter -->
<testsuite hostname="Shrikant" failures="0" tests="4" name="TestNGpractice.demo4" time="0.045" errors="0" timestamp="2023-07-02T12:58:36 IST" skipped="0">
  <testcase classname="TestNGpractice.demo4" name="loginpage" time="0.007"/>
  <system-out/>
  <testcase classname="TestNGpractice.demo4" name="regiterpage" time="0.007"/>
  <system-out/>
  <testcase classname="TestNGpractice.demo4" name="homepage" time="0.007"/>
  <system-out/>
  <testcase classname="TestNGpractice.demo4" name="paymentpage" time="0.024"/>
  <system-out/>
</testsuite> <!-- TestNGpractice.demo4 -->
